#
# There is insufficient memory for the Java Runtime Environment to continue.
# Native memory allocation (mmap) failed to map 268435456 bytes for G1 virtual space
# Possible reasons:
#   The system is out of physical RAM or swap space
#   The process is running with CompressedOops enabled, and the Java Heap may be blocking the growth of the native heap
# Possible solutions:
#   Reduce memory load on the system
#   Increase physical memory or swap space
#   Check if swap backing store is full
#   Decrease Java heap size (-Xmx/-Xms)
#   Decrease number of Java threads
#   Decrease Java thread stack sizes (-Xss)
#   Set larger code cache with -XX:ReservedCodeCacheSize=
#   JVM is running with Zero Based Compressed Oops mode in which the Java heap is
#     placed in the first 32GB address space. The Java Heap base address is the
#     maximum limit for the native heap growth. Please use -XX:HeapBaseMinAddress
#     to set the Java Heap base and to place the Java Heap above 32GB virtual address.
# This output file may be truncated or incomplete.
#
#  Out of Memory Error (os_windows.cpp:3469), pid=9004, tid=9760
#
# JRE version:  (17.0.1+12) (build )
# Java VM: Java HotSpot(TM) 64-Bit Server VM (17.0.1+12-LTS-39, mixed mode, sharing, tiered, compressed oops, compressed class ptrs, g1 gc, windows-amd64)
# No core dump will be written. Minidumps are not enabled by default on client versions of Windows
#

---------------  S U M M A R Y ------------

Command Line: -Dmaven.multiModuleProjectDirectory=D:\JOHN\My_Projects\my-ledger-be -Djansi.passthrough=true -Dmaven.home=C:\Users\johnb\.m2\wrapper\dists\apache-maven-3.9.12-bin\5nmfsn99br87k5d4ajlekdq10k\apache-maven-3.9.12 -Dclassworlds.conf=C:\Users\johnb\.m2\wrapper\dists\apache-maven-3.9.12-bin\5nmfsn99br87k5d4ajlekdq10k\apache-maven-3.9.12\bin\m2.conf -Dmaven.ext.class.path=C:\Program Files\JetBrains\IntelliJ IDEA Community Edition 2024.2.1\plugins\maven\lib\maven-event-listener.jar -javaagent:C:\Program Files\JetBrains\IntelliJ IDEA Community Edition 2024.2.1\lib\idea_rt.jar=53762:C:\Program Files\JetBrains\IntelliJ IDEA Community Edition 2024.2.1\bin -Dfile.encoding=UTF-8 org.codehaus.classworlds.Launcher -Didea.version=2024.2.1 install

Host: Intel(R) Core(TM) i5-6300U CPU @ 2.40GHz, 4 cores, 15G,  Windows 10 , 64 bit Build 19041 (10.0.19041.5915)
Time: Sun Apr 26 22:15:07 2026 India Standard Time elapsed time: 0.068328 seconds (0d 0h 0m 0s)

---------------  T H R E A D  ---------------

Current thread (0x0000023dcad6b5e0):  JavaThread "Unknown thread" [_thread_in_vm, id=9760, stack(0x000000a60a000000,0x000000a60a100000)]

Stack: [0x000000a60a000000,0x000000a60a100000]
Native frames: (J=compiled Java code, j=interpreted, Vv=VM code, C=native code)
V  [jvm.dll+0x66fa1a]
V  [jvm.dll+0x7ce5a4]
V  [jvm.dll+0x7cfd4e]
V  [jvm.dll+0x7d03b3]
V  [jvm.dll+0x242b05]
V  [jvm.dll+0x66ca39]
V  [jvm.dll+0x661502]
V  [jvm.dll+0x30081b]
V  [jvm.dll+0x307da6]
V  [jvm.dll+0x357a1e]
V  [jvm.dll+0x357c4f]
V  [jvm.dll+0x2d7ad8]
V  [jvm.dll+0x2d8a44]
V  [jvm.dll+0x7a01e1]
V  [jvm.dll+0x365791]
V  [jvm.dll+0x77f6cc]
V  [jvm.dll+0x3e812f]
V  [jvm.dll+0x3e9bd1]
C  [jli.dll+0x527b]
C  [ucrtbase.dll+0x21bb2]
C  [KERNEL32.DLL+0x17374]
C  [ntdll.dll+0x4cc91]


---------------  P R O C E S S  ---------------

Threads class SMR info:
_java_thread_list=0x00007ffc96707818, length=0, elements={
}

Java Threads: ( => current thread )

Other Threads:
  0x0000023dcadb6960 GCTaskThread "GC Thread#0" [stack: 0x000000a60a100000,0x000000a60a200000] [id=16952]
  0x0000023dcadc7010 ConcurrentGCThread "G1 Main Marker" [stack: 0x000000a60a200000,0x000000a60a300000] [id=16736]
  0x0000023dcadc7930 ConcurrentGCThread "G1 Conc#0" [stack: 0x000000a60a300000,0x000000a60a400000] [id=18748]

[error occurred during error reporting (printing all threads), id 0xc0000005, EXCEPTION_ACCESS_VIOLATION (0xc0000005) at pc=0x00007ffc95f584b7]

VM state: not at safepoint (not fully initialized)

VM Mutex/Monitor currently owned by a thread:  ([mutex/lock_event])
[0x0000023dcad67b00] Heap_lock - owner thread: 0x0000023dcad6b5e0

Heap address: 0x0000000701c00000, size: 4068 MB, Compressed Oops mode: Zero based, Oop shift amount: 3

CDS archive(s) mapped at: [0x0000000000000000-0x0000000000000000-0x0000000000000000), size 0, SharedBaseAddress: 0x0000000800000000, ArchiveRelocationMode: 0.
Narrow klass base: 0x0000000000000000, Narrow klass shift: 0, Narrow klass range: 0x0

GC Precious Log:
<Empty>

Heap:
 garbage-first heap   total 0K, used 0K [0x0000000701c00000, 0x0000000800000000)
  region size 2048K, 0 young (0K), 0 survivors (0K)

[error occurred during error reporting (printing heap information), id 0xc0000005, EXCEPTION_ACCESS_VIOLATION (0xc0000005) at pc=0x00007ffc96338d89]

GC Heap History (0 events):
No events

Deoptimization events (0 events):
No events

Classes unloaded (0 events):
No events

Classes redefined (0 events):
No events

Internal exceptions (0 events):
No events

VM Operations (0 events):
No events

Events (1 events):
Event: 0.047 Loaded shared library C:\Program Files\Java\jdk-17.0.1\bin\java.dll


Dynamic libraries:
0x00007ff6d35f0000 - 0x00007ff6d3600000 	C:\Program Files\Java\jdk-17.0.1\bin\java.exe
0x00007ffcd6530000 - 0x00007ffcd6728000 	C:\Windows\SYSTEM32\ntdll.dll
0x00007ffcd5be0000 - 0x00007ffcd5ca2000 	C:\Windows\System32\KERNEL32.DLL
0x00007ffcd3bc0000 - 0x00007ffcd3eb6000 	C:\Windows\System32\KERNELBASE.dll
0x00007ffcd3f80000 - 0x00007ffcd4080000 	C:\Windows\System32\ucrtbase.dll
0x00007ffcd00a0000 - 0x00007ffcd00ba000 	C:\Program Files\Java\jdk-17.0.1\bin\VCRUNTIME140.dll
0x00007ffccbe30000 - 0x00007ffccbe48000 	C:\Program Files\Java\jdk-17.0.1\bin\jli.dll
0x00007ffcd6390000 - 0x00007ffcd6441000 	C:\Windows\System32\ADVAPI32.dll
0x00007ffcd5740000 - 0x00007ffcd57de000 	C:\Windows\System32\msvcrt.dll
0x00007ffcd5370000 - 0x00007ffcd540f000 	C:\Windows\System32\sechost.dll
0x00007ffcd57e0000 - 0x00007ffcd5900000 	C:\Windows\System32\RPCRT4.dll
0x00007ffcd3f50000 - 0x00007ffcd3f77000 	C:\Windows\System32\bcrypt.dll
0x00007ffcd5a20000 - 0x00007ffcd5bc1000 	C:\Windows\System32\USER32.dll
0x00007ffcc9780000 - 0x00007ffcc9a1b000 	C:\Windows\WinSxS\amd64_microsoft.windows.common-controls_6595b64144ccf1df_6.0.19041.6456_none_60b8a6cb71f64256\COMCTL32.dll
0x00007ffcd41e0000 - 0x00007ffcd4202000 	C:\Windows\System32\win32u.dll
0x00007ffcd5cb0000 - 0x00007ffcd5cdb000 	C:\Windows\System32\GDI32.dll
0x00007ffcd4430000 - 0x00007ffcd4549000 	C:\Windows\System32\gdi32full.dll
0x00007ffcd4390000 - 0x00007ffcd442d000 	C:\Windows\System32\msvcp_win.dll
0x00007ffccc100000 - 0x00007ffccc10a000 	C:\Windows\SYSTEM32\VERSION.dll
0x00007ffcd4630000 - 0x00007ffcd465f000 	C:\Windows\System32\IMM32.DLL
0x00007ffcd0770000 - 0x00007ffcd077c000 	C:\Program Files\Java\jdk-17.0.1\bin\vcruntime140_1.dll
0x00007ffc9bf80000 - 0x00007ffc9c00d000 	C:\Program Files\Java\jdk-17.0.1\bin\msvcp140.dll
0x00007ffc95c70000 - 0x00007ffc9682e000 	C:\Program Files\Java\jdk-17.0.1\bin\server\jvm.dll
0x00007ffcd5d40000 - 0x00007ffcd5d48000 	C:\Windows\System32\PSAPI.DLL
0x00007ffcbee10000 - 0x00007ffcbee19000 	C:\Windows\SYSTEM32\WSOCK32.dll
0x00007ffcd5de0000 - 0x00007ffcd5e4b000 	C:\Windows\System32\WS2_32.dll
0x00007ffcca390000 - 0x00007ffcca3b7000 	C:\Windows\SYSTEM32\WINMM.dll
0x00007ffcd2400000 - 0x00007ffcd2412000 	C:\Windows\SYSTEM32\kernel.appcore.dll
0x00007ffcd06e0000 - 0x00007ffcd06ea000 	C:\Program Files\Java\jdk-17.0.1\bin\jimage.dll
0x00007ffcd18f0000 - 0x00007ffcd1af1000 	C:\Windows\SYSTEM32\DBGHELP.DLL
0x00007ffcae850000 - 0x00007ffcae884000 	C:\Windows\SYSTEM32\dbgcore.DLL
0x00007ffcd3ec0000 - 0x00007ffcd3f42000 	C:\Windows\System32\bcryptPrimitives.dll
0x00007ffcbf4f0000 - 0x00007ffcbf4fe000 	C:\Program Files\Java\jdk-17.0.1\bin\instrument.dll
0x00007ffcbf3e0000 - 0x00007ffcbf405000 	C:\Program Files\Java\jdk-17.0.1\bin\java.dll

dbghelp: loaded successfully - version: 4.0.5 - missing functions: none
symbol engine: initialized successfully - sym options: 0x614 - pdb path: .;C:\Program Files\Java\jdk-17.0.1\bin;C:\Windows\SYSTEM32;C:\Windows\WinSxS\amd64_microsoft.windows.common-controls_6595b64144ccf1df_6.0.19041.6456_none_60b8a6cb71f64256;C:\Program Files\Java\jdk-17.0.1\bin\server

VM Arguments:
jvm_args: -Dmaven.multiModuleProjectDirectory=D:\JOHN\My_Projects\my-ledger-be -Djansi.passthrough=true -Dmaven.home=C:\Users\johnb\.m2\wrapper\dists\apache-maven-3.9.12-bin\5nmfsn99br87k5d4ajlekdq10k\apache-maven-3.9.12 -Dclassworlds.conf=C:\Users\johnb\.m2\wrapper\dists\apache-maven-3.9.12-bin\5nmfsn99br87k5d4ajlekdq10k\apache-maven-3.9.12\bin\m2.conf -Dmaven.ext.class.path=C:\Program Files\JetBrains\IntelliJ IDEA Community Edition 2024.2.1\plugins\maven\lib\maven-event-listener.jar -javaagent:C:\Program Files\JetBrains\IntelliJ IDEA Community Edition 2024.2.1\lib\idea_rt.jar=53762:C:\Program Files\JetBrains\IntelliJ IDEA Community Edition 2024.2.1\bin -Dfile.encoding=UTF-8 
java_command: org.codehaus.classworlds.Launcher -Didea.version=2024.2.1 install
java_class_path (initial): C:\Users\johnb\.m2\wrapper\dists\apache-maven-3.9.12-bin\5nmfsn99br87k5d4ajlekdq10k\apache-maven-3.9.12\boot\plexus-classworlds-2.9.0.jar;C:\Users\johnb\.m2\wrapper\dists\apache-maven-3.9.12-bin\5nmfsn99br87k5d4ajlekdq10k\apache-maven-3.9.12\boot\plexus-classworlds.license
Launcher Type: SUN_STANDARD

[Global flags]
     intx CICompilerCount                          = 3                                         {product} {ergonomic}
     uint ConcGCThreads                            = 1                                         {product} {ergonomic}
     uint G1ConcRefinementThreads                  = 4                                         {product} {ergonomic}
   size_t G1HeapRegionSize                         = 2097152                                   {product} {ergonomic}
    uintx GCDrainStackTargetSize                   = 64                                        {product} {ergonomic}
   size_t InitialHeapSize                          = 268435456                                 {product} {ergonomic}
   size_t MarkStackSize                            = 4194304                                   {product} {ergonomic}
   size_t MaxHeapSize                              = 4265607168                                {product} {ergonomic}
   size_t MinHeapDeltaBytes                        = 2097152                                   {product} {ergonomic}
   size_t MinHeapSize                              = 8388608                                   {product} {ergonomic}
    uintx NonNMethodCodeHeapSize                   = 5832780                                {pd product} {ergonomic}
    uintx NonProfiledCodeHeapSize                  = 122912730                              {pd product} {ergonomic}
    uintx ProfiledCodeHeapSize                     = 122912730                              {pd product} {ergonomic}
    uintx ReservedCodeCacheSize                    = 251658240                              {pd product} {ergonomic}
     bool SegmentedCodeCache                       = true                                      {product} {ergonomic}
   size_t SoftMaxHeapSize                          = 4265607168                             {manageable} {ergonomic}
     bool UseCompressedClassPointers               = true                           {product lp64_product} {ergonomic}
     bool UseCompressedOops                        = true                           {product lp64_product} {ergonomic}
     bool UseG1GC                                  = true                                      {product} {ergonomic}
     bool UseLargePagesIndividualAllocation        = false                                  {pd product} {ergonomic}

Logging:
Log output configuration:
 #0: stdout all=warning uptime,level,tags
 #1: stderr all=off uptime,level,tags

Environment Variables:
JAVA_HOME=C:\Program Files\Java\jdk-17.0.1
PATH=c:\Users\johnb\AppData\Local\Programs\cursor\resources\app\bin;C:\Program Files\Google\Chrome\Application;C:\Program Files\Common Files\Oracle\Java\javapath;C:\Windows\system32;C:\Windows;C:\Windows\System32\Wbem;C:\Windows\System32\WindowsPowerShell\v1.0\;C:\Windows\System32\OpenSSH\;C:\Program Files\Git\cmd;C:\Program Files\PuTTY\;C:\Program Files (x86)\MySQL\MySQL Server 5.0\bin;C:\Program Files\apache-maven-3.9.10-bin\apache-maven-3.9.10\bin;C:\Users\johnb\AppData\Local\Programs\Python\Launcher\;C:\Users\johnb\AppData\Local\Microsoft\WindowsApps;C:\Program Files\JetBrains\IntelliJ IDEA Community Edition 2024.2.1\bin;;C:\Program Files\Java\jdk1.8.0_131\bin;C:\Program Files\PostgreSQL\17\bin;C:\Users\johnb\AppData\Roaming\npm;c:\Users\johnb\AppData\Local\Programs\cursor\resources\app\bin;C:\Program Files\nodejs\;C:\Users\johnb\AppData\Local\Programs\Python\Launcher\;C:\Users\johnb\AppData\Local\Microsoft\WindowsApps;C:\Program Files\JetBrains\IntelliJ IDEA Community Edition 2024.2.1\bin;;C:\Program Files\PostgreSQL\17\bin;C:\Program Files\Java\jdk-17.0.1\bin;C:\Users\johnb\AppData\Roaming\npm;C:\Users\johnb\AppData\Local\Programs\cursor\resources\app\bin;D:\JOHN\My_Projects\Flutter\flutter\bin;C:\Users\johnb\AppData\Local\Programs\Microsoft VS Code\bin
USERNAME=johnb
OS=Windows_NT
PROCESSOR_IDENTIFIER=Intel64 Family 6 Model 78 Stepping 3, GenuineIntel



---------------  S Y S T E M  ---------------

OS:
 Windows 10 , 64 bit Build 19041 (10.0.19041.5915)
OS uptime: 0 days 12:30 hours

CPU: total 4 (initial active 4) (2 cores per cpu, 2 threads per core) family 6 model 78 stepping 3 microcode 0xec, cx8, cmov, fxsr, ht, mmx, 3dnowpref, sse, sse2, sse3, ssse3, sse4.1, sse4.2, popcnt, lzcnt, tsc, tscinvbit, avx, avx2, aes, erms, clmul, bmi1, bmi2, rtm, adx, fma, vzeroupper, clflush, clflushopt

Memory: 4k page, system-wide physical 16265M (1199M free)
TotalPageFile size 26505M (AvailPageFile size 188M)
current process WorkingSet (physical memory assigned to process): 10M, peak: 10M
current process commit charge ("private bytes"): 51M, peak: 307M

vm_info: Java HotSpot(TM) 64-Bit Server VM (17.0.1+12-LTS-39) for windows-amd64 JRE (17.0.1+12-LTS-39), built on Sep 27 2021 18:41:35 by "mach5one" with MS VC++ 16.8 (VS2019)

END.
